生成启动时间为 2023/10/20 9:28:05。
     1>项目“D:\vs项目\pianzhengguang\pianzhengguang\pianzhengguang.vcxproj”在节点 2 上(build 个目标)。
     1>PrepareForBuild:
         正在创建目录“D:\vs项目\pianzhengguang\Debug\”。
       InitializeBuildStatus:
         正在创建“Debug\pianzhengguang.unsuccessfulbuild”，因为已指定“AlwaysCreate”。
       ClCompile:
         C:\Users\86157\VC\bin\CL.exe /c /ZI /nologo /W3 /WX- /Od /Oy- /D WIN32 /D _DEBUG /D _CONSOLE /D _UNICODE /D UNICODE /Gm /EHsc /RTC1 /MDd /GS /fp:precise /Zc:wchar_t /Zc:forScope /Fo"Debug\\" /Fd"Debug\vc100.pdb" /Gd /TP /analyze- /errorReport:prompt pzg.cpp
         pzg.cpp
       ManifestResourceCompile:
         C:\Program Files (x86)\Microsoft SDKs\Windows\v7.0A\bin\rc.exe /nologo /fo"Debug\pianzhengguang.exe.embed.manifest.res" Debug\pianzhengguang_manifest.rc 
       Link:
         C:\Users\86157\VC\bin\link.exe /ERRORREPORT:PROMPT /OUT:"D:\vs项目\pianzhengguang\Debug\pianzhengguang.exe" /INCREMENTAL /NOLOGO kernel32.lib user32.lib gdi32.lib winspool.lib comdlg32.lib advapi32.lib shell32.lib ole32.lib oleaut32.lib uuid.lib odbc32.lib odbccp32.lib /MANIFEST /ManifestFile:"Debug\pianzhengguang.exe.intermediate.manifest" /MANIFESTUAC:"level='asInvoker' uiAccess='false'" /DEBUG /PDB:"D:\vs项目\pianzhengguang\Debug\pianzhengguang.pdb" /SUBSYSTEM:CONSOLE /TLBID:1 /DYNAMICBASE /NXCOMPAT /IMPLIB:"D:\vs项目\pianzhengguang\Debug\pianzhengguang.lib" /MACHINE:X86 Debug\pianzhengguang.exe.embed.manifest.res
         Debug\pzg.obj
       Manifest:
         C:\Program Files (x86)\Microsoft SDKs\Windows\v7.0A\bin\mt.exe /nologo /verbose /out:"Debug\pianzhengguang.exe.embed.manifest" /manifest Debug\pianzhengguang.exe.intermediate.manifest
         C:\Program Files (x86)\Microsoft SDKs\Windows\v7.0A\bin\rc.exe /nologo /fo"Debug\pianzhengguang.exe.embed.manifest.res" Debug\pianzhengguang_manifest.rc 
       LinkEmbedManifest:
         C:\Users\86157\VC\bin\link.exe /ERRORREPORT:PROMPT /OUT:"D:\vs项目\pianzhengguang\Debug\pianzhengguang.exe" /INCREMENTAL /NOLOGO kernel32.lib user32.lib gdi32.lib winspool.lib comdlg32.lib advapi32.lib shell32.lib ole32.lib oleaut32.lib uuid.lib odbc32.lib odbccp32.lib /MANIFEST /ManifestFile:"Debug\pianzhengguang.exe.intermediate.manifest" /MANIFESTUAC:"level='asInvoker' uiAccess='false'" /DEBUG /PDB:"D:\vs项目\pianzhengguang\Debug\pianzhengguang.pdb" /SUBSYSTEM:CONSOLE /TLBID:1 /DYNAMICBASE /NXCOMPAT /IMPLIB:"D:\vs项目\pianzhengguang\Debug\pianzhengguang.lib" /MACHINE:X86 Debug\pianzhengguang.exe.embed.manifest.res
         Debug\pzg.obj
         pianzhengguang.vcxproj -> D:\vs项目\pianzhengguang\Debug\pianzhengguang.exe
       FinalizeBuildStatus:
         正在删除文件“Debug\pianzhengguang.unsuccessfulbuild”。
         正在对“Debug\pianzhengguang.lastbuildstate”执行 Touch 任务。
     1>已完成生成项目“D:\vs项目\pianzhengguang\pianzhengguang\pianzhengguang.vcxproj”(build 个目标)的操作。

生成成功。

已用时间 00:00:02.48
